<?xml version="1.0" encoding="utf-8" standalone="no"?>
<!--This file represents the results of running a test suite-->
<test-results name="C:\Users\gkeary\sandbox\GetOrganized\myGetOrg\Test.Unit\bin\Debug\Test.Unit.dll" total="4" errors="0" failures="0" not-run="0" inconclusive="0" ignored="0" skipped="0" invalid="0" date="2010-09-05" time="19:48:56">
  <environment nunit-version="2.5.7.10213" clr-version="2.0.50727.4952" os-version="Microsoft Windows NT 6.1.7600.0" platform="Win32NT" cwd="C:\Program Files (x86)\NUnit 2.5.7\bin\net-2.0" machine-name="ELWOOD" user="gkeary" user-domain="elwood" />
  <culture-info current-culture="en-US" current-uiculture="en-US" />
  <test-suite type="Assembly" name="C:\Users\gkeary\sandbox\GetOrganized\myGetOrg\Test.Unit\bin\Debug\Test.Unit.dll" executed="True" result="Success" success="True" time="0.228" asserts="0">
    <results>
      <test-suite type="Namespace" name="Test" executed="True" result="Success" success="True" time="0.210" asserts="0">
        <results>
          <test-suite type="Namespace" name="Unit" executed="True" result="Success" success="True" time="0.206" asserts="0">
            <results>
              <test-suite type="TestFixture" name="TodoControllerTest" executed="True" result="Success" success="True" time="0.203" asserts="0">
                <results>
                  <test-case name="Test.Unit.TodoControllerTest.Should_Add_Todo_Item" executed="True" result="Success" success="True" time="0.138" asserts="2" />
                  <test-case name="Test.Unit.TodoControllerTest.Should_Delete_Todo_Item" executed="True" result="Success" success="True" time="0.008" asserts="2" />
                  <test-case name="Test.Unit.TodoControllerTest.Should_Display_A_List_Of_Todo_Items" executed="True" result="Success" success="True" time="0.020" asserts="1" />
                  <test-case name="Test.Unit.TodoControllerTest.Should_Load_Create_View" executed="True" result="Success" success="True" time="0.002" asserts="1" />
                </results>
              </test-suite>
            </results>
          </test-suite>
        </results>
      </test-suite>
    </results>
  </test-suite>
</test-results>